build/app/intermediates/manifest_merge_blame_file/debug/manifest-merger-blame-debug-report.txt
1<?xml version="1.0" encoding="utf-8"?>
2<manifest xmlns:android="http://schemas.android.com/apk/res/android"
3    package="com.app.freshrescue"
4    android:versionCode="1"
5    android:versionName="1.0.0" >
6
7    <uses-sdk
8        android:minSdkVersion="23"
9        android:targetSdkVersion="31" />
10    <!--
11         Flutter needs it to communicate with the running application
12         to allow setting breakpoints, to provide hot reload, etc.
13    -->
14    <uses-permission android:name="android.permission.INTERNET" />
14-->src/debug/AndroidManifest.xml:6:5-66
14-->src/debug/AndroidManifest.xml:6:22-64
15    <uses-permission android:name="android.permission.CAMERA" />
15-->src/main/AndroidManifest.xml:52:1-61
15-->src/main/AndroidManifest.xml:52:18-58
16
17    <uses-feature
17-->src/main/AndroidManifest.xml:53:1-80
18        android:name="android.hardware.camera"
18-->src/main/AndroidManifest.xml:53:15-53
19        android:required="true" />
19-->src/main/AndroidManifest.xml:53:54-77
20    <uses-feature android:name="android.hardware.camera.autofocus" />
20-->src/main/AndroidManifest.xml:54:1-66
20-->src/main/AndroidManifest.xml:54:15-63
21
22    <uses-permission android:name="android.permission.FLASHLIGHT" />
22-->[:flutter_barcode_scanner] AndroidManifest.xml:11:5-69
22-->[:flutter_barcode_scanner] AndroidManifest.xml:11:22-66
23    <uses-permission android:name="android.permission.RECORD_AUDIO" /> <!-- Although the *SdkVersion is captured in gradle build files, this is required for non gradle builds -->
23-->[:camera_android] AndroidManifest.xml:8:5-71
23-->[:camera_android] AndroidManifest.xml:8:22-68
24    <!-- <uses-sdk android:minSdkVersion="14" /> -->
25    <uses-permission android:name="android.permission.ACCESS_NETWORK_STATE" />
25-->[com.google.firebase:firebase-firestore:24.9.1] AndroidManifest.xml:10:5-79
25-->[com.google.firebase:firebase-firestore:24.9.1] AndroidManifest.xml:10:22-76
26    <uses-permission android:name="android.permission.WAKE_LOCK" />
26-->[com.google.android.gms:play-services-measurement-api:21.5.0] AndroidManifest.xml:24:5-68
26-->[com.google.android.gms:play-services-measurement-api:21.5.0] AndroidManifest.xml:24:22-65
27    <uses-permission android:name="com.google.android.gms.permission.AD_ID" />
27-->[com.google.android.gms:play-services-measurement-api:21.5.0] AndroidManifest.xml:25:5-79
27-->[com.google.android.gms:play-services-measurement-api:21.5.0] AndroidManifest.xml:25:22-76
28    <uses-permission android:name="android.permission.ACCESS_ADSERVICES_ATTRIBUTION" />
28-->[com.google.android.gms:play-services-measurement-api:21.5.0] AndroidManifest.xml:26:5-88
28-->[com.google.android.gms:play-services-measurement-api:21.5.0] AndroidManifest.xml:26:22-85
29    <uses-permission android:name="android.permission.ACCESS_ADSERVICES_AD_ID" />
29-->[com.google.android.gms:play-services-measurement-api:21.5.0] AndroidManifest.xml:27:5-82
29-->[com.google.android.gms:play-services-measurement-api:21.5.0] AndroidManifest.xml:27:22-79
30    <uses-permission android:name="com.google.android.finsky.permission.BIND_GET_INSTALL_REFERRER_SERVICE" />
30-->[com.google.android.gms:play-services-measurement:21.5.0] AndroidManifest.xml:26:5-110
30-->[com.google.android.gms:play-services-measurement:21.5.0] AndroidManifest.xml:26:22-107
31
32    <permission
32-->[androidx.core:core:1.10.1] AndroidManifest.xml:22:5-24:47
33        android:name="com.app.freshrescue.DYNAMIC_RECEIVER_NOT_EXPORTED_PERMISSION"
33-->[androidx.core:core:1.10.1] AndroidManifest.xml:23:9-81
34        android:protectionLevel="signature" />
34-->[androidx.core:core:1.10.1] AndroidManifest.xml:24:9-44
35
36    <uses-permission android:name="com.app.freshrescue.DYNAMIC_RECEIVER_NOT_EXPORTED_PERMISSION" />
36-->[androidx.core:core:1.10.1] AndroidManifest.xml:26:5-97
36-->[androidx.core:core:1.10.1] AndroidManifest.xml:26:22-94
37    <!--
38 io.flutter.app.FlutterApplication is an android.app.Application that
39         calls FlutterMain.startInitialization(this); in its onCreate method.
40         In most cases you can leave this as-is, but you if you want to provide
41         additional functionality it is fine to subclass or reimplement
42         FlutterApplication and put your custom class here.
43    -->
44    <application
45        android:name="android.app.Application"
46        android:appComponentFactory="androidx.core.app.CoreComponentFactory"
46-->[androidx.core:core:1.10.1] AndroidManifest.xml:28:18-86
47        android:debuggable="true"
48        android:extractNativeLibs="false"
49        android:icon="@mipmap/launcher_icon"
50        android:label="FreshRescue"
51        android:largeHeap="true"
51-->[:flutter_barcode_scanner] AndroidManifest.xml:14:9-33
52        android:theme="@style/Theme.AppCompat.NoActionBar" >
52-->[:flutter_barcode_scanner] AndroidManifest.xml:15:9-59
53        <activity
54            android:name="com.app.freshrescue.MainActivity"
55            android:configChanges="orientation|keyboardHidden|keyboard|screenSize|smallestScreenSize|locale|layoutDirection|fontScale|screenLayout|density|uiMode"
56            android:exported="true"
57            android:hardwareAccelerated="true"
58            android:launchMode="singleTop"
59            android:theme="@style/LaunchTheme"
60            android:windowSoftInputMode="adjustResize" >
61
62            <!--
63                 Specifies an Android theme to apply to this Activity as soon as
64                 the Android process has started. This theme is visible to the user
65                 while the Flutter UI initializes. After that, this theme continues
66                 to determine the Window background behind the Flutter UI.
67            -->
68            <meta-data
69                android:name="io.flutter.embedding.android.NormalTheme"
70                android:resource="@style/NormalTheme" />
71            <!--
72                 Displays an Android View that continues showing the launch screen
73                 Drawable until Flutter paints its first frame, then this splash
74                 screen fades out. A splash screen is useful to avoid any visual
75                 gap between the end of Android's launch screen and the painting of
76                 Flutter's first frame.
77            -->
78            <meta-data
79                android:name="io.flutter.embedding.android.SplashScreenDrawable"
80                android:resource="@drawable/launch_background" />
81
82            <intent-filter>
83                <action android:name="android.intent.action.MAIN" />
84
85                <category android:name="android.intent.category.LAUNCHER" />
86            </intent-filter>
87        </activity>
88        <!--
89             Don't delete the meta-data below.
90             This is used by the Flutter tool to generate GeneratedPluginRegistrant.java
91        -->
92        <meta-data
93            android:name="flutterEmbedding"
94            android:value="2" />
95
96        <service
96-->[:cloud_firestore] AndroidManifest.xml:8:9-12:19
97            android:name="com.google.firebase.components.ComponentDiscoveryService"
97-->[:cloud_firestore] AndroidManifest.xml:8:18-89
98            android:directBootAware="true"
98-->[com.google.firebase:firebase-common:20.4.2] AndroidManifest.xml:32:13-43
99            android:exported="false" >
99-->[com.google.firebase:firebase-firestore:24.9.1] AndroidManifest.xml:16:13-37
100            <meta-data
100-->[:cloud_firestore] AndroidManifest.xml:9:13-11:85
101                android:name="com.google.firebase.components:io.flutter.plugins.firebase.firestore.FlutterFirebaseFirestoreRegistrar"
101-->[:cloud_firestore] AndroidManifest.xml:10:17-134
102                android:value="com.google.firebase.components.ComponentRegistrar" />
102-->[:cloud_firestore] AndroidManifest.xml:11:17-82
103            <meta-data
103-->[:firebase_auth] AndroidManifest.xml:9:13-11:85
104                android:name="com.google.firebase.components:io.flutter.plugins.firebase.auth.FlutterFirebaseAuthRegistrar"
104-->[:firebase_auth] AndroidManifest.xml:10:17-124
105                android:value="com.google.firebase.components.ComponentRegistrar" />
105-->[:firebase_auth] AndroidManifest.xml:11:17-82
106            <meta-data
106-->[:firebase_storage] AndroidManifest.xml:9:13-11:85
107                android:name="com.google.firebase.components:io.flutter.plugins.firebase.storage.FlutterFirebaseAppRegistrar"
107-->[:firebase_storage] AndroidManifest.xml:10:17-126
108                android:value="com.google.firebase.components.ComponentRegistrar" />
108-->[:firebase_storage] AndroidManifest.xml:11:17-82
109            <meta-data
109-->[:firebase_core] AndroidManifest.xml:9:13-11:85
110                android:name="com.google.firebase.components:io.flutter.plugins.firebase.core.FlutterFirebaseCoreRegistrar"
110-->[:firebase_core] AndroidManifest.xml:10:17-124
111                android:value="com.google.firebase.components.ComponentRegistrar" />
111-->[:firebase_core] AndroidManifest.xml:11:17-82
112            <meta-data
112-->[com.google.firebase:firebase-firestore:24.9.1] AndroidManifest.xml:17:13-19:85
113                android:name="com.google.firebase.components:com.google.firebase.firestore.FirebaseFirestoreKtxRegistrar"
113-->[com.google.firebase:firebase-firestore:24.9.1] AndroidManifest.xml:18:17-122
114                android:value="com.google.firebase.components.ComponentRegistrar" />
114-->[com.google.firebase:firebase-firestore:24.9.1] AndroidManifest.xml:19:17-82
115            <meta-data
115-->[com.google.firebase:firebase-firestore:24.9.1] AndroidManifest.xml:20:13-22:85
116                android:name="com.google.firebase.components:com.google.firebase.firestore.FirestoreRegistrar"
116-->[com.google.firebase:firebase-firestore:24.9.1] AndroidManifest.xml:21:17-111
117                android:value="com.google.firebase.components.ComponentRegistrar" />
117-->[com.google.firebase:firebase-firestore:24.9.1] AndroidManifest.xml:22:17-82
118            <meta-data
118-->[com.google.firebase:firebase-auth:22.3.0] AndroidManifest.xml:69:13-71:85
119                android:name="com.google.firebase.components:com.google.firebase.auth.FirebaseAuthRegistrar"
119-->[com.google.firebase:firebase-auth:22.3.0] AndroidManifest.xml:70:17-109
120                android:value="com.google.firebase.components.ComponentRegistrar" />
120-->[com.google.firebase:firebase-auth:22.3.0] AndroidManifest.xml:71:17-82
121            <meta-data
121-->[com.google.firebase:firebase-storage:20.3.0] AndroidManifest.xml:30:13-32:85
122                android:name="com.google.firebase.components:com.google.firebase.storage.FirebaseStorageKtxRegistrar"
122-->[com.google.firebase:firebase-storage:20.3.0] AndroidManifest.xml:31:17-118
123                android:value="com.google.firebase.components.ComponentRegistrar" />
123-->[com.google.firebase:firebase-storage:20.3.0] AndroidManifest.xml:32:17-82
124            <meta-data
124-->[com.google.firebase:firebase-storage:20.3.0] AndroidManifest.xml:33:13-35:85
125                android:name="com.google.firebase.components:com.google.firebase.storage.StorageRegistrar"
125-->[com.google.firebase:firebase-storage:20.3.0] AndroidManifest.xml:34:17-107
126                android:value="com.google.firebase.components.ComponentRegistrar" />
126-->[com.google.firebase:firebase-storage:20.3.0] AndroidManifest.xml:35:17-82
127            <meta-data
127-->[com.google.android.gms:play-services-measurement-api:21.5.0] AndroidManifest.xml:37:13-39:85
128                android:name="com.google.firebase.components:com.google.firebase.analytics.connector.internal.AnalyticsConnectorRegistrar"
128-->[com.google.android.gms:play-services-measurement-api:21.5.0] AndroidManifest.xml:38:17-139
129                android:value="com.google.firebase.components.ComponentRegistrar" />
129-->[com.google.android.gms:play-services-measurement-api:21.5.0] AndroidManifest.xml:39:17-82
130            <meta-data
130-->[com.google.firebase:firebase-appcheck:17.1.1] AndroidManifest.xml:25:13-27:85
131                android:name="com.google.firebase.components:com.google.firebase.appcheck.FirebaseAppCheckKtxRegistrar"
131-->[com.google.firebase:firebase-appcheck:17.1.1] AndroidManifest.xml:26:17-120
132                android:value="com.google.firebase.components.ComponentRegistrar" />
132-->[com.google.firebase:firebase-appcheck:17.1.1] AndroidManifest.xml:27:17-82
133            <meta-data
133-->[com.google.firebase:firebase-appcheck:17.1.1] AndroidManifest.xml:28:13-30:85
134                android:name="com.google.firebase.components:com.google.firebase.appcheck.FirebaseAppCheckRegistrar"
134-->[com.google.firebase:firebase-appcheck:17.1.1] AndroidManifest.xml:29:17-117
135                android:value="com.google.firebase.components.ComponentRegistrar" />
135-->[com.google.firebase:firebase-appcheck:17.1.1] AndroidManifest.xml:30:17-82
136            <meta-data
136-->[com.google.firebase:firebase-installations:17.2.0] AndroidManifest.xml:15:13-17:85
137                android:name="com.google.firebase.components:com.google.firebase.installations.FirebaseInstallationsKtxRegistrar"
137-->[com.google.firebase:firebase-installations:17.2.0] AndroidManifest.xml:16:17-130
138                android:value="com.google.firebase.components.ComponentRegistrar" />
138-->[com.google.firebase:firebase-installations:17.2.0] AndroidManifest.xml:17:17-82
139            <meta-data
139-->[com.google.firebase:firebase-installations:17.2.0] AndroidManifest.xml:18:13-20:85
140                android:name="com.google.firebase.components:com.google.firebase.installations.FirebaseInstallationsRegistrar"
140-->[com.google.firebase:firebase-installations:17.2.0] AndroidManifest.xml:19:17-127
141                android:value="com.google.firebase.components.ComponentRegistrar" />
141-->[com.google.firebase:firebase-installations:17.2.0] AndroidManifest.xml:20:17-82
142            <meta-data
142-->[com.google.firebase:firebase-common-ktx:20.4.2] AndroidManifest.xml:12:13-14:85
143                android:name="com.google.firebase.components:com.google.firebase.ktx.FirebaseCommonLegacyRegistrar"
143-->[com.google.firebase:firebase-common-ktx:20.4.2] AndroidManifest.xml:13:17-116
144                android:value="com.google.firebase.components.ComponentRegistrar" />
144-->[com.google.firebase:firebase-common-ktx:20.4.2] AndroidManifest.xml:14:17-82
145            <meta-data
145-->[com.google.firebase:firebase-common:20.4.2] AndroidManifest.xml:35:13-37:85
146                android:name="com.google.firebase.components:com.google.firebase.FirebaseCommonKtxRegistrar"
146-->[com.google.firebase:firebase-common:20.4.2] AndroidManifest.xml:36:17-109
147                android:value="com.google.firebase.components.ComponentRegistrar" />
147-->[com.google.firebase:firebase-common:20.4.2] AndroidManifest.xml:37:17-82
148        </service>
149
150        <activity android:name="com.amolg.flutterbarcodescanner.BarcodeCaptureActivity" />
150-->[:flutter_barcode_scanner] AndroidManifest.xml:16:9-91
150-->[:flutter_barcode_scanner] AndroidManifest.xml:16:19-88
151
152        <provider
152-->[:image_picker_android] AndroidManifest.xml:8:9-16:20
153            android:name="io.flutter.plugins.imagepicker.ImagePickerFileProvider"
153-->[:image_picker_android] AndroidManifest.xml:9:13-82
154            android:authorities="com.app.freshrescue.flutter.image_provider"
154-->[:image_picker_android] AndroidManifest.xml:10:13-74
155            android:exported="false"
155-->[:image_picker_android] AndroidManifest.xml:11:13-37
156            android:grantUriPermissions="true" >
156-->[:image_picker_android] AndroidManifest.xml:12:13-47
157            <meta-data
157-->[:image_picker_android] AndroidManifest.xml:13:13-15:75
158                android:name="android.support.FILE_PROVIDER_PATHS"
158-->[:image_picker_android] AndroidManifest.xml:14:17-67
159                android:resource="@xml/flutter_image_picker_file_paths" />
159-->[:image_picker_android] AndroidManifest.xml:15:17-72
160        </provider>
161
162        <activity
162-->[:url_launcher_android] AndroidManifest.xml:8:9-11:74
163            android:name="io.flutter.plugins.urllauncher.WebViewActivity"
163-->[:url_launcher_android] AndroidManifest.xml:9:13-74
164            android:exported="false"
164-->[:url_launcher_android] AndroidManifest.xml:10:13-37
165            android:theme="@android:style/Theme.NoTitleBar.Fullscreen" />
165-->[:url_launcher_android] AndroidManifest.xml:11:13-71
166        <activity
166-->[com.google.firebase:firebase-auth:22.3.0] AndroidManifest.xml:29:9-46:20
167            android:name="com.google.firebase.auth.internal.GenericIdpActivity"
167-->[com.google.firebase:firebase-auth:22.3.0] AndroidManifest.xml:30:13-80
168            android:excludeFromRecents="true"
168-->[com.google.firebase:firebase-auth:22.3.0] AndroidManifest.xml:31:13-46
169            android:exported="true"
169-->[com.google.firebase:firebase-auth:22.3.0] AndroidManifest.xml:32:13-36
170            android:launchMode="singleTask"
170-->[com.google.firebase:firebase-auth:22.3.0] AndroidManifest.xml:33:13-44
171            android:theme="@android:style/Theme.Translucent.NoTitleBar" >
171-->[com.google.firebase:firebase-auth:22.3.0] AndroidManifest.xml:34:13-72
172            <intent-filter>
172-->[com.google.firebase:firebase-auth:22.3.0] AndroidManifest.xml:35:13-45:29
173                <action android:name="android.intent.action.VIEW" />
173-->[com.google.firebase:firebase-auth:22.3.0] AndroidManifest.xml:36:17-69
173-->[com.google.firebase:firebase-auth:22.3.0] AndroidManifest.xml:36:25-66
174
175                <category android:name="android.intent.category.DEFAULT" />
175-->[com.google.firebase:firebase-auth:22.3.0] AndroidManifest.xml:38:17-76
175-->[com.google.firebase:firebase-auth:22.3.0] AndroidManifest.xml:38:27-73
176                <category android:name="android.intent.category.BROWSABLE" />
176-->[com.google.firebase:firebase-auth:22.3.0] AndroidManifest.xml:39:17-78
176-->[com.google.firebase:firebase-auth:22.3.0] AndroidManifest.xml:39:27-75
177
178                <data
178-->[com.google.firebase:firebase-auth:22.3.0] AndroidManifest.xml:41:17-44:51
179                    android:host="firebase.auth"
179-->[com.google.firebase:firebase-auth:22.3.0] AndroidManifest.xml:42:21-49
180                    android:path="/"
180-->[com.google.firebase:firebase-auth:22.3.0] AndroidManifest.xml:43:21-37
181                    android:scheme="genericidp" />
181-->[com.google.firebase:firebase-auth:22.3.0] AndroidManifest.xml:44:21-48
182            </intent-filter>
183        </activity>
184        <activity
184-->[com.google.firebase:firebase-auth:22.3.0] AndroidManifest.xml:47:9-64:20
185            android:name="com.google.firebase.auth.internal.RecaptchaActivity"
185-->[com.google.firebase:firebase-auth:22.3.0] AndroidManifest.xml:48:13-79
186            android:excludeFromRecents="true"
186-->[com.google.firebase:firebase-auth:22.3.0] AndroidManifest.xml:49:13-46
187            android:exported="true"
187-->[com.google.firebase:firebase-auth:22.3.0] AndroidManifest.xml:50:13-36
188            android:launchMode="singleTask"
188-->[com.google.firebase:firebase-auth:22.3.0] AndroidManifest.xml:51:13-44
189            android:theme="@android:style/Theme.Translucent.NoTitleBar" >
189-->[com.google.firebase:firebase-auth:22.3.0] AndroidManifest.xml:52:13-72
190            <intent-filter>
190-->[com.google.firebase:firebase-auth:22.3.0] AndroidManifest.xml:53:13-63:29
191                <action android:name="android.intent.action.VIEW" />
191-->[com.google.firebase:firebase-auth:22.3.0] AndroidManifest.xml:36:17-69
191-->[com.google.firebase:firebase-auth:22.3.0] AndroidManifest.xml:36:25-66
192
193                <category android:name="android.intent.category.DEFAULT" />
193-->[com.google.firebase:firebase-auth:22.3.0] AndroidManifest.xml:38:17-76
193-->[com.google.firebase:firebase-auth:22.3.0] AndroidManifest.xml:38:27-73
194                <category android:name="android.intent.category.BROWSABLE" />
194-->[com.google.firebase:firebase-auth:22.3.0] AndroidManifest.xml:39:17-78
194-->[com.google.firebase:firebase-auth:22.3.0] AndroidManifest.xml:39:27-75
195
196                <data
196-->[com.google.firebase:firebase-auth:22.3.0] AndroidManifest.xml:41:17-44:51
197                    android:host="firebase.auth"
197-->[com.google.firebase:firebase-auth:22.3.0] AndroidManifest.xml:42:21-49
198                    android:path="/"
198-->[com.google.firebase:firebase-auth:22.3.0] AndroidManifest.xml:43:21-37
199                    android:scheme="recaptcha" />
199-->[com.google.firebase:firebase-auth:22.3.0] AndroidManifest.xml:44:21-48
200            </intent-filter>
201        </activity>
202
203        <property
203-->[com.google.android.gms:play-services-measurement-api:21.5.0] AndroidManifest.xml:30:9-32:61
204            android:name="android.adservices.AD_SERVICES_CONFIG"
204-->[com.google.android.gms:play-services-measurement-api:21.5.0] AndroidManifest.xml:31:13-65
205            android:resource="@xml/ga_ad_services_config" />
205-->[com.google.android.gms:play-services-measurement-api:21.5.0] AndroidManifest.xml:32:13-58
206
207        <provider
207-->[com.google.firebase:firebase-common:20.4.2] AndroidManifest.xml:23:9-28:39
208            android:name="com.google.firebase.provider.FirebaseInitProvider"
208-->[com.google.firebase:firebase-common:20.4.2] AndroidManifest.xml:24:13-77
209            android:authorities="com.app.freshrescue.firebaseinitprovider"
209-->[com.google.firebase:firebase-common:20.4.2] AndroidManifest.xml:25:13-72
210            android:directBootAware="true"
210-->[com.google.firebase:firebase-common:20.4.2] AndroidManifest.xml:26:13-43
211            android:exported="false"
211-->[com.google.firebase:firebase-common:20.4.2] AndroidManifest.xml:27:13-37
212            android:initOrder="100" />
212-->[com.google.firebase:firebase-common:20.4.2] AndroidManifest.xml:28:13-36
213
214        <activity
214-->[com.google.android.gms:play-services-auth:20.7.0] AndroidManifest.xml:23:9-27:75
215            android:name="com.google.android.gms.auth.api.signin.internal.SignInHubActivity"
215-->[com.google.android.gms:play-services-auth:20.7.0] AndroidManifest.xml:24:13-93
216            android:excludeFromRecents="true"
216-->[com.google.android.gms:play-services-auth:20.7.0] AndroidManifest.xml:25:13-46
217            android:exported="false"
217-->[com.google.android.gms:play-services-auth:20.7.0] AndroidManifest.xml:26:13-37
218            android:theme="@android:style/Theme.Translucent.NoTitleBar" />
218-->[com.google.android.gms:play-services-auth:20.7.0] AndroidManifest.xml:27:13-72
219        <!--
220            Service handling Google Sign-In user revocation. For apps that do not integrate with
221            Google Sign-In, this service will never be started.
222        -->
223        <service
223-->[com.google.android.gms:play-services-auth:20.7.0] AndroidManifest.xml:33:9-37:51
224            android:name="com.google.android.gms.auth.api.signin.RevocationBoundService"
224-->[com.google.android.gms:play-services-auth:20.7.0] AndroidManifest.xml:34:13-89
225            android:exported="true"
225-->[com.google.android.gms:play-services-auth:20.7.0] AndroidManifest.xml:35:13-36
226            android:permission="com.google.android.gms.auth.api.signin.permission.REVOCATION_NOTIFICATION"
226-->[com.google.android.gms:play-services-auth:20.7.0] AndroidManifest.xml:36:13-107
227            android:visibleToInstantApps="true" />
227-->[com.google.android.gms:play-services-auth:20.7.0] AndroidManifest.xml:37:13-48
228
229        <activity
229-->[com.google.android.gms:play-services-base:18.0.1] AndroidManifest.xml:20:9-22:45
230            android:name="com.google.android.gms.common.api.GoogleApiActivity"
230-->[com.google.android.gms:play-services-base:18.0.1] AndroidManifest.xml:20:19-85
231            android:exported="false"
231-->[com.google.android.gms:play-services-base:18.0.1] AndroidManifest.xml:22:19-43
232            android:theme="@android:style/Theme.Translucent.NoTitleBar" />
232-->[com.google.android.gms:play-services-base:18.0.1] AndroidManifest.xml:21:19-78
233
234        <receiver
234-->[com.google.android.gms:play-services-measurement:21.5.0] AndroidManifest.xml:29:9-33:20
235            android:name="com.google.android.gms.measurement.AppMeasurementReceiver"
235-->[com.google.android.gms:play-services-measurement:21.5.0] AndroidManifest.xml:30:13-85
236            android:enabled="true"
236-->[com.google.android.gms:play-services-measurement:21.5.0] AndroidManifest.xml:31:13-35
237            android:exported="false" >
237-->[com.google.android.gms:play-services-measurement:21.5.0] AndroidManifest.xml:32:13-37
238        </receiver>
239
240        <service
240-->[com.google.android.gms:play-services-measurement:21.5.0] AndroidManifest.xml:35:9-38:40
241            android:name="com.google.android.gms.measurement.AppMeasurementService"
241-->[com.google.android.gms:play-services-measurement:21.5.0] AndroidManifest.xml:36:13-84
242            android:enabled="true"
242-->[com.google.android.gms:play-services-measurement:21.5.0] AndroidManifest.xml:37:13-35
243            android:exported="false" />
243-->[com.google.android.gms:play-services-measurement:21.5.0] AndroidManifest.xml:38:13-37
244        <service
244-->[com.google.android.gms:play-services-measurement:21.5.0] AndroidManifest.xml:39:9-43:72
245            android:name="com.google.android.gms.measurement.AppMeasurementJobService"
245-->[com.google.android.gms:play-services-measurement:21.5.0] AndroidManifest.xml:40:13-87
246            android:enabled="true"
246-->[com.google.android.gms:play-services-measurement:21.5.0] AndroidManifest.xml:41:13-35
247            android:exported="false"
247-->[com.google.android.gms:play-services-measurement:21.5.0] AndroidManifest.xml:42:13-37
248            android:permission="android.permission.BIND_JOB_SERVICE" />
248-->[com.google.android.gms:play-services-measurement:21.5.0] AndroidManifest.xml:43:13-69
249
250        <uses-library
250-->[androidx.privacysandbox.ads:ads-adservices:1.0.0-beta05] AndroidManifest.xml:23:9-25:40
251            android:name="android.ext.adservices"
251-->[androidx.privacysandbox.ads:ads-adservices:1.0.0-beta05] AndroidManifest.xml:24:13-50
252            android:required="false" />
252-->[androidx.privacysandbox.ads:ads-adservices:1.0.0-beta05] AndroidManifest.xml:25:13-37
253        <uses-library
253-->[androidx.window:window:1.0.0-beta04] AndroidManifest.xml:25:9-27:40
254            android:name="androidx.window.extensions"
254-->[androidx.window:window:1.0.0-beta04] AndroidManifest.xml:26:13-54
255            android:required="false" />
255-->[androidx.window:window:1.0.0-beta04] AndroidManifest.xml:27:13-37
256        <uses-library
256-->[androidx.window:window:1.0.0-beta04] AndroidManifest.xml:28:9-30:40
257            android:name="androidx.window.sidecar"
257-->[androidx.window:window:1.0.0-beta04] AndroidManifest.xml:29:13-51
258            android:required="false" />
258-->[androidx.window:window:1.0.0-beta04] AndroidManifest.xml:30:13-37
259
260        <meta-data
260-->[com.google.android.gms:play-services-basement:18.2.0] AndroidManifest.xml:21:9-23:69
261            android:name="com.google.android.gms.version"
261-->[com.google.android.gms:play-services-basement:18.2.0] AndroidManifest.xml:22:13-58
262            android:value="@integer/google_play_services_version" />
262-->[com.google.android.gms:play-services-basement:18.2.0] AndroidManifest.xml:23:13-66
263
264        <provider
264-->[androidx.profileinstaller:profileinstaller:1.3.0] AndroidManifest.xml:24:9-32:20
265            android:name="androidx.startup.InitializationProvider"
265-->[androidx.profileinstaller:profileinstaller:1.3.0] AndroidManifest.xml:25:13-67
266            android:authorities="com.app.freshrescue.androidx-startup"
266-->[androidx.profileinstaller:profileinstaller:1.3.0] AndroidManifest.xml:26:13-68
267            android:exported="false" >
267-->[androidx.profileinstaller:profileinstaller:1.3.0] AndroidManifest.xml:27:13-37
268            <meta-data
268-->[androidx.profileinstaller:profileinstaller:1.3.0] AndroidManifest.xml:29:13-31:52
269                android:name="androidx.profileinstaller.ProfileInstallerInitializer"
269-->[androidx.profileinstaller:profileinstaller:1.3.0] AndroidManifest.xml:30:17-85
270                android:value="androidx.startup" />
270-->[androidx.profileinstaller:profileinstaller:1.3.0] AndroidManifest.xml:31:17-49
271        </provider>
272
273        <receiver
273-->[androidx.profileinstaller:profileinstaller:1.3.0] AndroidManifest.xml:34:9-52:20
274            android:name="androidx.profileinstaller.ProfileInstallReceiver"
274-->[androidx.profileinstaller:profileinstaller:1.3.0] AndroidManifest.xml:35:13-76
275            android:directBootAware="false"
275-->[androidx.profileinstaller:profileinstaller:1.3.0] AndroidManifest.xml:36:13-44
276            android:enabled="true"
276-->[androidx.profileinstaller:profileinstaller:1.3.0] AndroidManifest.xml:37:13-35
277            android:exported="true"
277-->[androidx.profileinstaller:profileinstaller:1.3.0] AndroidManifest.xml:38:13-36
278            android:permission="android.permission.DUMP" >
278-->[androidx.profileinstaller:profileinstaller:1.3.0] AndroidManifest.xml:39:13-57
279            <intent-filter>
279-->[androidx.profileinstaller:profileinstaller:1.3.0] AndroidManifest.xml:40:13-42:29
280                <action android:name="androidx.profileinstaller.action.INSTALL_PROFILE" />
280-->[androidx.profileinstaller:profileinstaller:1.3.0] AndroidManifest.xml:41:17-91